[15:20:11] [Client thread/INFO]: Setting user: Player984
[15:20:15] [Client thread/INFO]: LWJGL Version: 2.9.4
[15:20:19] [Client thread/INFO]: Reloading ResourceManager: Default, FMLFileResourcePack:Forge Mod Loader, FMLFileResourcePack:Minecraft Forge, FMLFileResourcePack:SpartanMod
[15:20:22] [Sound Library Loader/INFO]: Starting up SoundSystem...
[15:20:23] [Thread-8/INFO]: Initializing LWJGL OpenAL
[15:20:23] [Thread-8/INFO]: (The LWJGL binding of OpenAL.  For more information, see http://www.lwjgl.org)
[15:20:23] [Thread-8/INFO]: OpenAL initialized.
[15:20:23] [Sound Library Loader/INFO]: Sound engine started
[15:20:28] [Client thread/INFO]: Created: 16x16 textures-atlas
[15:20:30] [Client thread/INFO]: Reloading ResourceManager: Default, FMLFileResourcePack:Forge Mod Loader, FMLFileResourcePack:Minecraft Forge, FMLFileResourcePack:SpartanMod
[15:20:33] [Client thread/INFO]: SoundSystem shutting down...
[15:20:33] [Client thread/WARN]: Author: Paul Lamb, www.paulscode.com
[15:20:33] [Sound Library Loader/INFO]: Starting up SoundSystem...
[15:20:33] [Thread-10/INFO]: Initializing LWJGL OpenAL
[15:20:33] [Thread-10/INFO]: (The LWJGL binding of OpenAL.  For more information, see http://www.lwjgl.org)
[15:20:33] [Thread-10/INFO]: OpenAL initialized.
[15:20:33] [Sound Library Loader/INFO]: Sound engine started
[15:20:37] [Client thread/INFO]: Created: 1024x512 textures-atlas
[15:20:39] [Realms Notification Availability checker #1/INFO]: Could not authorize you against Realms server: Invalid session id
[15:20:42] [Server thread/INFO]: Starting integrated minecraft server version 1.9
[15:20:42] [Server thread/INFO]: Generating keypair
[15:20:43] [Server thread/INFO]: Preparing start region for level 0
[15:20:44] [Server thread/INFO]: Preparing spawn area: 1%
[15:20:45] [Server thread/INFO]: Preparing spawn area: 62%
[15:20:46] [Server thread/INFO]: Changing view distance to 12, from 10
[15:20:47] [Server thread/INFO]: Player984[local:E:14e63f41] logged in with entity id 345 at (-108.8451866794387, 74.0, 240.53272382529417)
[15:20:47] [Server thread/INFO]: Player984 joined the game
[15:20:48] [Server thread/INFO]: Saving and pausing game...
[15:20:48] [Server thread/INFO]: Saving chunks for level 'New World'/Overworld
[15:20:49] [Server thread/INFO]: Saving chunks for level 'New World'/Nether
[15:20:49] [Server thread/INFO]: Saving chunks for level 'New World'/The End
[15:20:49] [pool-2-thread-1/WARN]: Couldn't look up profile properties for com.mojang.authlib.GameProfile@1b712b5e[id=e7c5c79a-91ee-3db1-afe8-a6ff4d4f15fa,name=Player984,properties={},legacy=false]
com.mojang.authlib.exceptions.AuthenticationException: The client has sent too many requests within a certain amount of time
	at com.mojang.authlib.yggdrasil.YggdrasilAuthenticationService.makeRequest(YggdrasilAuthenticationService.java:65) ~[YggdrasilAuthenticationService.class:?]
	at com.mojang.authlib.yggdrasil.YggdrasilMinecraftSessionService.fillGameProfile(YggdrasilMinecraftSessionService.java:175) [YggdrasilMinecraftSessionService.class:?]
	at com.mojang.authlib.yggdrasil.YggdrasilMinecraftSessionService$1.load(YggdrasilMinecraftSessionService.java:59) [YggdrasilMinecraftSessionService$1.class:?]
	at com.mojang.authlib.yggdrasil.YggdrasilMinecraftSessionService$1.load(YggdrasilMinecraftSessionService.java:56) [YggdrasilMinecraftSessionService$1.class:?]
	at com.google.common.cache.LocalCache$LoadingValueReference.loadFuture(LocalCache.java:3524) [guava-17.0.jar:?]
	at com.google.common.cache.LocalCache$Segment.loadSync(LocalCache.java:2317) [guava-17.0.jar:?]
	at com.google.common.cache.LocalCache$Segment.lockedGetOrLoad(LocalCache.java:2280) [guava-17.0.jar:?]
	at com.google.common.cache.LocalCache$Segment.get(LocalCache.java:2195) [guava-17.0.jar:?]
	at com.google.common.cache.LocalCache.get(LocalCache.java:3934) [guava-17.0.jar:?]
	at com.google.common.cache.LocalCache.getOrLoad(LocalCache.java:3938) [guava-17.0.jar:?]
	at com.google.common.cache.LocalCache$LocalLoadingCache.get(LocalCache.java:4821) [guava-17.0.jar:?]
	at com.google.common.cache.LocalCache$LocalLoadingCache.getUnchecked(LocalCache.java:4827) [guava-17.0.jar:?]
	at com.mojang.authlib.yggdrasil.YggdrasilMinecraftSessionService.fillProfileProperties(YggdrasilMinecraftSessionService.java:165) [YggdrasilMinecraftSessionService.class:?]
	at net.minecraft.client.Minecraft.getProfileProperties(Minecraft.java:3038) [Minecraft.class:?]
	at net.minecraft.client.resources.SkinManager$3.run(SkinManager.java:130) [SkinManager$3.class:?]
	at java.util.concurrent.Executors$RunnableAdapter.call(Executors.java:471) [?:1.7.0_79]
	at java.util.concurrent.FutureTask.run(FutureTask.java:262) [?:1.7.0_79]
	at java.util.concurrent.ThreadPoolExecutor.runWorker(ThreadPoolExecutor.java:1145) [?:1.7.0_79]
	at java.util.concurrent.ThreadPoolExecutor$Worker.run(ThreadPoolExecutor.java:615) [?:1.7.0_79]
	at java.lang.Thread.run(Thread.java:745) [?:1.7.0_79]
[15:20:52] [Server thread/WARN]: Can't keep up! Did the system time change, or is the server overloaded? Running 2513ms behind, skipping 50 tick(s)
[15:20:53] [Server thread/INFO]: Player984 has just earned the achievement [Taking Inventory]
[15:20:53] [Client thread/INFO]: [CHAT] Player984 has just earned the achievement [Taking Inventory]
[15:21:27] [Server thread/INFO]: Saving and pausing game...
[15:21:27] [Server thread/INFO]: Saving chunks for level 'New World'/Overworld
[15:21:27] [Server thread/INFO]: Saving chunks for level 'New World'/Nether
[15:21:27] [Server thread/INFO]: Saving chunks for level 'New World'/The End
[15:21:28] [Server thread/INFO]: Stopping server
[15:21:28] [Server thread/INFO]: Saving players
[15:21:28] [Server thread/INFO]: Saving worlds
[15:21:28] [Server thread/INFO]: Saving chunks for level 'New World'/Overworld
[15:21:28] [Server thread/INFO]: Saving chunks for level 'New World'/Nether
[15:21:28] [Server thread/INFO]: Saving chunks for level 'New World'/The End
[15:21:30] [Client thread/INFO]: Stopping!
[15:21:30] [Client thread/INFO]: SoundSystem shutting down...
[15:21:31] [Client thread/WARN]: Author: Paul Lamb, www.paulscode.com
